<?xml version="1.0" encoding="UTF-8"?>
<testsuite xmlns:xsi="http://www.w3.org/2001/XMLSchema-instance" xsi:noNamespaceSchemaLocation="https://maven.apache.org/surefire/maven-surefire-plugin/xsd/surefire-test-report.xsd" name="com.example.bookshop.BookShopApplicationTests" time="12.443" tests="1" errors="0" skipped="0" failures="0">
  <properties>
    <property name="sun.desktop" value="windows"/>
    <property name="awt.toolkit" value="sun.awt.windows.WToolkit"/>
    <property name="file.encoding.pkg" value="sun.io"/>
    <property name="java.specification.version" value="1.8"/>
    <property name="sun.cpu.isalist" value="amd64"/>
    <property name="sun.jnu.encoding" value="GBK"/>
    <property name="java.class.path" value="D:\work\demo\bookShop\target\test-classes;D:\work\demo\bookShop\target\classes;D:\speciality_tool\maven\m2\org\springframework\boot\spring-boot-starter-data-redis\2.5.5\spring-boot-starter-data-redis-2.5.5.jar;D:\speciality_tool\maven\m2\org\springframework\boot\spring-boot-starter\2.5.5\spring-boot-starter-2.5.5.jar;D:\speciality_tool\maven\m2\org\springframework\boot\spring-boot\2.5.5\spring-boot-2.5.5.jar;D:\speciality_tool\maven\m2\org\springframework\boot\spring-boot-starter-logging\2.5.5\spring-boot-starter-logging-2.5.5.jar;D:\speciality_tool\maven\m2\ch\qos\logback\logback-classic\1.2.6\logback-classic-1.2.6.jar;D:\speciality_tool\maven\m2\ch\qos\logback\logback-core\1.2.6\logback-core-1.2.6.jar;D:\speciality_tool\maven\m2\org\apache\logging\log4j\log4j-to-slf4j\2.14.1\log4j-to-slf4j-2.14.1.jar;D:\speciality_tool\maven\m2\jakarta\annotation\jakarta.annotation-api\1.3.5\jakarta.annotation-api-1.3.5.jar;D:\speciality_tool\maven\m2\org\yaml\snakeyaml\1.28\snakeyaml-1.28.jar;D:\speciality_tool\maven\m2\org\springframework\data\spring-data-redis\2.5.5\spring-data-redis-2.5.5.jar;D:\speciality_tool\maven\m2\org\springframework\data\spring-data-keyvalue\2.5.5\spring-data-keyvalue-2.5.5.jar;D:\speciality_tool\maven\m2\org\springframework\data\spring-data-commons\2.5.5\spring-data-commons-2.5.5.jar;D:\speciality_tool\maven\m2\org\springframework\spring-tx\5.3.10\spring-tx-5.3.10.jar;D:\speciality_tool\maven\m2\org\springframework\spring-oxm\5.3.10\spring-oxm-5.3.10.jar;D:\speciality_tool\maven\m2\org\springframework\spring-context-support\5.3.10\spring-context-support-5.3.10.jar;D:\speciality_tool\maven\m2\io\lettuce\lettuce-core\6.1.5.RELEASE\lettuce-core-6.1.5.RELEASE.jar;D:\speciality_tool\maven\m2\io\netty\netty-common\4.1.68.Final\netty-common-4.1.68.Final.jar;D:\speciality_tool\maven\m2\io\netty\netty-handler\4.1.68.Final\netty-handler-4.1.68.Final.jar;D:\speciality_tool\maven\m2\io\netty\netty-resolver\4.1.68.Final\netty-resolver-4.1.68.Final.jar;D:\speciality_tool\maven\m2\io\netty\netty-buffer\4.1.68.Final\netty-buffer-4.1.68.Final.jar;D:\speciality_tool\maven\m2\io\netty\netty-codec\4.1.68.Final\netty-codec-4.1.68.Final.jar;D:\speciality_tool\maven\m2\io\netty\netty-transport\4.1.68.Final\netty-transport-4.1.68.Final.jar;D:\speciality_tool\maven\m2\io\projectreactor\reactor-core\3.4.10\reactor-core-3.4.10.jar;D:\speciality_tool\maven\m2\org\reactivestreams\reactive-streams\1.0.3\reactive-streams-1.0.3.jar;D:\speciality_tool\maven\m2\org\springframework\boot\spring-boot-starter-jdbc\2.5.5\spring-boot-starter-jdbc-2.5.5.jar;D:\speciality_tool\maven\m2\com\zaxxer\HikariCP\4.0.3\HikariCP-4.0.3.jar;D:\speciality_tool\maven\m2\org\springframework\spring-jdbc\5.3.10\spring-jdbc-5.3.10.jar;D:\speciality_tool\maven\m2\org\springframework\spring-beans\5.3.10\spring-beans-5.3.10.jar;D:\speciality_tool\maven\m2\org\springframework\boot\spring-boot-starter-oauth2-client\2.5.5\spring-boot-starter-oauth2-client-2.5.5.jar;D:\speciality_tool\maven\m2\com\sun\mail\jakarta.mail\1.6.7\jakarta.mail-1.6.7.jar;D:\speciality_tool\maven\m2\com\sun\activation\jakarta.activation\1.2.2\jakarta.activation-1.2.2.jar;D:\speciality_tool\maven\m2\org\springframework\security\spring-security-config\5.5.2\spring-security-config-5.5.2.jar;D:\speciality_tool\maven\m2\org\springframework\security\spring-security-core\5.5.2\spring-security-core-5.5.2.jar;D:\speciality_tool\maven\m2\org\springframework\security\spring-security-crypto\5.5.2\spring-security-crypto-5.5.2.jar;D:\speciality_tool\maven\m2\org\springframework\spring-expression\5.3.10\spring-expression-5.3.10.jar;D:\speciality_tool\maven\m2\org\springframework\security\spring-security-oauth2-client\5.5.2\spring-security-oauth2-client-5.5.2.jar;D:\speciality_tool\maven\m2\org\springframework\security\spring-security-oauth2-core\5.5.2\spring-security-oauth2-core-5.5.2.jar;D:\speciality_tool\maven\m2\com\nimbusds\oauth2-oidc-sdk\9.9.1\oauth2-oidc-sdk-9.9.1.jar;D:\speciality_tool\maven\m2\com\github\stephenc\jcip\jcip-annotations\1.0-1\jcip-annotations-1.0-1.jar;D:\speciality_tool\maven\m2\com\nimbusds\content-type\2.1\content-type-2.1.jar;D:\speciality_tool\maven\m2\com\nimbusds\lang-tag\1.5\lang-tag-1.5.jar;D:\speciality_tool\maven\m2\org\springframework\security\spring-security-oauth2-jose\5.5.2\spring-security-oauth2-jose-5.5.2.jar;D:\speciality_tool\maven\m2\com\nimbusds\nimbus-jose-jwt\9.10.1\nimbus-jose-jwt-9.10.1.jar;D:\speciality_tool\maven\m2\org\springframework\boot\spring-boot-starter-security\2.5.5\spring-boot-starter-security-2.5.5.jar;D:\speciality_tool\maven\m2\org\springframework\spring-aop\5.3.10\spring-aop-5.3.10.jar;D:\speciality_tool\maven\m2\org\springframework\security\spring-security-web\5.5.2\spring-security-web-5.5.2.jar;D:\speciality_tool\maven\m2\org\springframework\boot\spring-boot-starter-thymeleaf\2.5.5\spring-boot-starter-thymeleaf-2.5.5.jar;D:\speciality_tool\maven\m2\org\thymeleaf\thymeleaf-spring5\3.0.12.RELEASE\thymeleaf-spring5-3.0.12.RELEASE.jar;D:\speciality_tool\maven\m2\org\thymeleaf\thymeleaf\3.0.12.RELEASE\thymeleaf-3.0.12.RELEASE.jar;D:\speciality_tool\maven\m2\org\attoparser\attoparser\2.0.5.RELEASE\attoparser-2.0.5.RELEASE.jar;D:\speciality_tool\maven\m2\org\unbescape\unbescape\1.1.6.RELEASE\unbescape-1.1.6.RELEASE.jar;D:\speciality_tool\maven\m2\org\thymeleaf\extras\thymeleaf-extras-java8time\3.0.4.RELEASE\thymeleaf-extras-java8time-3.0.4.RELEASE.jar;D:\speciality_tool\maven\m2\org\springframework\boot\spring-boot-starter-web\2.5.5\spring-boot-starter-web-2.5.5.jar;D:\speciality_tool\maven\m2\org\springframework\boot\spring-boot-starter-json\2.5.5\spring-boot-starter-json-2.5.5.jar;D:\speciality_tool\maven\m2\com\fasterxml\jackson\core\jackson-databind\2.12.5\jackson-databind-2.12.5.jar;D:\speciality_tool\maven\m2\com\fasterxml\jackson\core\jackson-core\2.12.5\jackson-core-2.12.5.jar;D:\speciality_tool\maven\m2\com\fasterxml\jackson\datatype\jackson-datatype-jdk8\2.12.5\jackson-datatype-jdk8-2.12.5.jar;D:\speciality_tool\maven\m2\com\fasterxml\jackson\datatype\jackson-datatype-jsr310\2.12.5\jackson-datatype-jsr310-2.12.5.jar;D:\speciality_tool\maven\m2\com\fasterxml\jackson\module\jackson-module-parameter-names\2.12.5\jackson-module-parameter-names-2.12.5.jar;D:\speciality_tool\maven\m2\org\springframework\boot\spring-boot-starter-tomcat\2.5.5\spring-boot-starter-tomcat-2.5.5.jar;D:\speciality_tool\maven\m2\org\apache\tomcat\embed\tomcat-embed-core\9.0.53\tomcat-embed-core-9.0.53.jar;D:\speciality_tool\maven\m2\org\apache\tomcat\embed\tomcat-embed-el\9.0.53\tomcat-embed-el-9.0.53.jar;D:\speciality_tool\maven\m2\org\apache\tomcat\embed\tomcat-embed-websocket\9.0.53\tomcat-embed-websocket-9.0.53.jar;D:\speciality_tool\maven\m2\org\springframework\spring-web\5.3.10\spring-web-5.3.10.jar;D:\speciality_tool\maven\m2\org\springframework\spring-webmvc\5.3.10\spring-webmvc-5.3.10.jar;D:\speciality_tool\maven\m2\org\springframework\boot\spring-boot-starter-log4j2\2.5.5\spring-boot-starter-log4j2-2.5.5.jar;D:\speciality_tool\maven\m2\org\apache\logging\log4j\log4j-slf4j-impl\2.14.1\log4j-slf4j-impl-2.14.1.jar;D:\speciality_tool\maven\m2\org\apache\logging\log4j\log4j-api\2.14.1\log4j-api-2.14.1.jar;D:\speciality_tool\maven\m2\org\apache\logging\log4j\log4j-core\2.14.1\log4j-core-2.14.1.jar;D:\speciality_tool\maven\m2\org\apache\logging\log4j\log4j-jul\2.14.1\log4j-jul-2.14.1.jar;D:\speciality_tool\maven\m2\org\slf4j\jul-to-slf4j\1.7.32\jul-to-slf4j-1.7.32.jar;D:\speciality_tool\maven\m2\mysql\mysql-connector-java\8.0.26\mysql-connector-java-8.0.26.jar;D:\speciality_tool\maven\m2\org\springframework\session\spring-session-data-redis\2.5.2\spring-session-data-redis-2.5.2.jar;D:\speciality_tool\maven\m2\org\springframework\session\spring-session-core\2.5.2\spring-session-core-2.5.2.jar;D:\speciality_tool\maven\m2\org\springframework\spring-jcl\5.3.10\spring-jcl-5.3.10.jar;D:\speciality_tool\maven\m2\org\springframework\session\spring-session-jdbc\2.5.2\spring-session-jdbc-2.5.2.jar;D:\speciality_tool\maven\m2\org\springframework\spring-context\5.3.10\spring-context-5.3.10.jar;D:\speciality_tool\maven\m2\org\thymeleaf\extras\thymeleaf-extras-springsecurity5\3.0.4.RELEASE\thymeleaf-extras-springsecurity5-3.0.4.RELEASE.jar;D:\speciality_tool\maven\m2\org\slf4j\slf4j-api\1.7.32\slf4j-api-1.7.32.jar;D:\speciality_tool\maven\m2\org\projectlombok\lombok\1.18.20\lombok-1.18.20.jar;D:\speciality_tool\maven\m2\org\springframework\boot\spring-boot-starter-test\2.5.5\spring-boot-starter-test-2.5.5.jar;D:\speciality_tool\maven\m2\org\springframework\boot\spring-boot-test\2.5.5\spring-boot-test-2.5.5.jar;D:\speciality_tool\maven\m2\org\springframework\boot\spring-boot-test-autoconfigure\2.5.5\spring-boot-test-autoconfigure-2.5.5.jar;D:\speciality_tool\maven\m2\com\jayway\jsonpath\json-path\2.5.0\json-path-2.5.0.jar;D:\speciality_tool\maven\m2\net\minidev\json-smart\2.4.7\json-smart-2.4.7.jar;D:\speciality_tool\maven\m2\net\minidev\accessors-smart\2.4.7\accessors-smart-2.4.7.jar;D:\speciality_tool\maven\m2\org\ow2\asm\asm\9.1\asm-9.1.jar;D:\speciality_tool\maven\m2\jakarta\xml\bind\jakarta.xml.bind-api\2.3.3\jakarta.xml.bind-api-2.3.3.jar;D:\speciality_tool\maven\m2\jakarta\activation\jakarta.activation-api\1.2.2\jakarta.activation-api-1.2.2.jar;D:\speciality_tool\maven\m2\org\assertj\assertj-core\3.19.0\assertj-core-3.19.0.jar;D:\speciality_tool\maven\m2\org\hamcrest\hamcrest\2.2\hamcrest-2.2.jar;D:\speciality_tool\maven\m2\org\junit\jupiter\junit-jupiter\5.7.2\junit-jupiter-5.7.2.jar;D:\speciality_tool\maven\m2\org\junit\jupiter\junit-jupiter-api\5.7.2\junit-jupiter-api-5.7.2.jar;D:\speciality_tool\maven\m2\org\apiguardian\apiguardian-api\1.1.0\apiguardian-api-1.1.0.jar;D:\speciality_tool\maven\m2\org\opentest4j\opentest4j\1.2.0\opentest4j-1.2.0.jar;D:\speciality_tool\maven\m2\org\junit\platform\junit-platform-commons\1.7.2\junit-platform-commons-1.7.2.jar;D:\speciality_tool\maven\m2\org\junit\jupiter\junit-jupiter-params\5.7.2\junit-jupiter-params-5.7.2.jar;D:\speciality_tool\maven\m2\org\junit\jupiter\junit-jupiter-engine\5.7.2\junit-jupiter-engine-5.7.2.jar;D:\speciality_tool\maven\m2\org\junit\platform\junit-platform-engine\1.7.2\junit-platform-engine-1.7.2.jar;D:\speciality_tool\maven\m2\org\mockito\mockito-core\3.9.0\mockito-core-3.9.0.jar;D:\speciality_tool\maven\m2\net\bytebuddy\byte-buddy\1.10.22\byte-buddy-1.10.22.jar;D:\speciality_tool\maven\m2\net\bytebuddy\byte-buddy-agent\1.10.22\byte-buddy-agent-1.10.22.jar;D:\speciality_tool\maven\m2\org\objenesis\objenesis\3.2\objenesis-3.2.jar;D:\speciality_tool\maven\m2\org\mockito\mockito-junit-jupiter\3.9.0\mockito-junit-jupiter-3.9.0.jar;D:\speciality_tool\maven\m2\org\skyscreamer\jsonassert\1.5.0\jsonassert-1.5.0.jar;D:\speciality_tool\maven\m2\com\vaadin\external\google\android-json\0.0.20131108.vaadin1\android-json-0.0.20131108.vaadin1.jar;D:\speciality_tool\maven\m2\org\springframework\spring-core\5.3.10\spring-core-5.3.10.jar;D:\speciality_tool\maven\m2\org\springframework\spring-test\5.3.10\spring-test-5.3.10.jar;D:\speciality_tool\maven\m2\org\xmlunit\xmlunit-core\2.8.2\xmlunit-core-2.8.2.jar;D:\speciality_tool\maven\m2\org\springframework\security\spring-security-test\5.5.2\spring-security-test-5.5.2.jar;D:\speciality_tool\maven\m2\com\baomidou\mybatis-plus-boot-starter\3.3.0\mybatis-plus-boot-starter-3.3.0.jar;D:\speciality_tool\maven\m2\com\baomidou\mybatis-plus\3.3.0\mybatis-plus-3.3.0.jar;D:\speciality_tool\maven\m2\org\springframework\boot\spring-boot-autoconfigure\2.5.5\spring-boot-autoconfigure-2.5.5.jar;D:\speciality_tool\maven\m2\com\baomidou\mybatis-plus-extension\3.3.0\mybatis-plus-extension-3.3.0.jar;D:\speciality_tool\maven\m2\com\baomidou\mybatis-plus-core\3.3.0\mybatis-plus-core-3.3.0.jar;D:\speciality_tool\maven\m2\com\baomidou\mybatis-plus-annotation\3.3.0\mybatis-plus-annotation-3.3.0.jar;D:\speciality_tool\maven\m2\com\github\jsqlparser\jsqlparser\3.1\jsqlparser-3.1.jar;D:\speciality_tool\maven\m2\org\mybatis\mybatis\3.5.3\mybatis-3.5.3.jar;D:\speciality_tool\maven\m2\org\mybatis\mybatis-spring\2.0.3\mybatis-spring-2.0.3.jar;D:\speciality_tool\maven\m2\com\github\pagehelper\pagehelper-spring-boot-starter\1.2.12\pagehelper-spring-boot-starter-1.2.12.jar;D:\speciality_tool\maven\m2\org\mybatis\spring\boot\mybatis-spring-boot-starter\2.0.1\mybatis-spring-boot-starter-2.0.1.jar;D:\speciality_tool\maven\m2\org\mybatis\spring\boot\mybatis-spring-boot-autoconfigure\2.0.1\mybatis-spring-boot-autoconfigure-2.0.1.jar;D:\speciality_tool\maven\m2\com\github\pagehelper\pagehelper-spring-boot-autoconfigure\1.2.12\pagehelper-spring-boot-autoconfigure-1.2.12.jar;D:\speciality_tool\maven\m2\com\github\pagehelper\pagehelper\5.1.10\pagehelper-5.1.10.jar;D:\speciality_tool\maven\m2\com\alibaba\fastjson\1.2.62\fastjson-1.2.62.jar;D:\speciality_tool\maven\m2\io\springfox\springfox-swagger2\2.9.2\springfox-swagger2-2.9.2.jar;D:\speciality_tool\maven\m2\io\swagger\swagger-annotations\1.5.20\swagger-annotations-1.5.20.jar;D:\speciality_tool\maven\m2\io\swagger\swagger-models\1.5.20\swagger-models-1.5.20.jar;D:\speciality_tool\maven\m2\com\fasterxml\jackson\core\jackson-annotations\2.12.5\jackson-annotations-2.12.5.jar;D:\speciality_tool\maven\m2\io\springfox\springfox-spi\2.9.2\springfox-spi-2.9.2.jar;D:\speciality_tool\maven\m2\io\springfox\springfox-core\2.9.2\springfox-core-2.9.2.jar;D:\speciality_tool\maven\m2\io\springfox\springfox-schema\2.9.2\springfox-schema-2.9.2.jar;D:\speciality_tool\maven\m2\io\springfox\springfox-swagger-common\2.9.2\springfox-swagger-common-2.9.2.jar;D:\speciality_tool\maven\m2\io\springfox\springfox-spring-web\2.9.2\springfox-spring-web-2.9.2.jar;D:\speciality_tool\maven\m2\com\google\guava\guava\20.0\guava-20.0.jar;D:\speciality_tool\maven\m2\com\fasterxml\classmate\1.5.1\classmate-1.5.1.jar;D:\speciality_tool\maven\m2\org\springframework\plugin\spring-plugin-core\1.2.0.RELEASE\spring-plugin-core-1.2.0.RELEASE.jar;D:\speciality_tool\maven\m2\org\springframework\plugin\spring-plugin-metadata\1.2.0.RELEASE\spring-plugin-metadata-1.2.0.RELEASE.jar;D:\speciality_tool\maven\m2\org\mapstruct\mapstruct\1.2.0.Final\mapstruct-1.2.0.Final.jar;D:\speciality_tool\maven\m2\io\springfox\springfox-swagger-ui\2.9.2\springfox-swagger-ui-2.9.2.jar;D:\speciality_tool\maven\m2\javax\validation\validation-api\2.0.1.Final\validation-api-2.0.1.Final.jar;"/>
    <property name="java.vm.vendor" value="Oracle Corporation"/>
    <property name="sun.arch.data.model" value="64"/>
    <property name="user.variant" value=""/>
    <property name="java.vendor.url" value="http://java.oracle.com/"/>
    <property name="user.timezone" value="Asia/Shanghai"/>
    <property name="java.vm.specification.version" value="1.8"/>
    <property name="os.name" value="Windows 10"/>
    <property name="user.country" value="CN"/>
    <property name="sun.java.launcher" value="SUN_STANDARD"/>
    <property name="sun.boot.library.path" value="D:\java\jdk8\jdk\jre\bin"/>
    <property name="sun.java.command" value="C:\Users\ADMINI~1\AppData\Local\Temp\surefire8436579027720375980\surefirebooter5418485461295873181.jar C:\Users\Administrator\AppData\Local\Temp\surefire8436579027720375980 2021-11-27T13-08-04_965-jvmRun1 surefire7744406085336358869tmp surefire_04678229371922589396tmp"/>
    <property name="surefire.test.class.path" value="D:\work\demo\bookShop\target\test-classes;D:\work\demo\bookShop\target\classes;D:\speciality_tool\maven\m2\org\springframework\boot\spring-boot-starter-data-redis\2.5.5\spring-boot-starter-data-redis-2.5.5.jar;D:\speciality_tool\maven\m2\org\springframework\boot\spring-boot-starter\2.5.5\spring-boot-starter-2.5.5.jar;D:\speciality_tool\maven\m2\org\springframework\boot\spring-boot\2.5.5\spring-boot-2.5.5.jar;D:\speciality_tool\maven\m2\org\springframework\boot\spring-boot-starter-logging\2.5.5\spring-boot-starter-logging-2.5.5.jar;D:\speciality_tool\maven\m2\ch\qos\logback\logback-classic\1.2.6\logback-classic-1.2.6.jar;D:\speciality_tool\maven\m2\ch\qos\logback\logback-core\1.2.6\logback-core-1.2.6.jar;D:\speciality_tool\maven\m2\org\apache\logging\log4j\log4j-to-slf4j\2.14.1\log4j-to-slf4j-2.14.1.jar;D:\speciality_tool\maven\m2\jakarta\annotation\jakarta.annotation-api\1.3.5\jakarta.annotation-api-1.3.5.jar;D:\speciality_tool\maven\m2\org\yaml\snakeyaml\1.28\snakeyaml-1.28.jar;D:\speciality_tool\maven\m2\org\springframework\data\spring-data-redis\2.5.5\spring-data-redis-2.5.5.jar;D:\speciality_tool\maven\m2\org\springframework\data\spring-data-keyvalue\2.5.5\spring-data-keyvalue-2.5.5.jar;D:\speciality_tool\maven\m2\org\springframework\data\spring-data-commons\2.5.5\spring-data-commons-2.5.5.jar;D:\speciality_tool\maven\m2\org\springframework\spring-tx\5.3.10\spring-tx-5.3.10.jar;D:\speciality_tool\maven\m2\org\springframework\spring-oxm\5.3.10\spring-oxm-5.3.10.jar;D:\speciality_tool\maven\m2\org\springframework\spring-context-support\5.3.10\spring-context-support-5.3.10.jar;D:\speciality_tool\maven\m2\io\lettuce\lettuce-core\6.1.5.RELEASE\lettuce-core-6.1.5.RELEASE.jar;D:\speciality_tool\maven\m2\io\netty\netty-common\4.1.68.Final\netty-common-4.1.68.Final.jar;D:\speciality_tool\maven\m2\io\netty\netty-handler\4.1.68.Final\netty-handler-4.1.68.Final.jar;D:\speciality_tool\maven\m2\io\netty\netty-resolver\4.1.68.Final\netty-resolver-4.1.68.Final.jar;D:\speciality_tool\maven\m2\io\netty\netty-buffer\4.1.68.Final\netty-buffer-4.1.68.Final.jar;D:\speciality_tool\maven\m2\io\netty\netty-codec\4.1.68.Final\netty-codec-4.1.68.Final.jar;D:\speciality_tool\maven\m2\io\netty\netty-transport\4.1.68.Final\netty-transport-4.1.68.Final.jar;D:\speciality_tool\maven\m2\io\projectreactor\reactor-core\3.4.10\reactor-core-3.4.10.jar;D:\speciality_tool\maven\m2\org\reactivestreams\reactive-streams\1.0.3\reactive-streams-1.0.3.jar;D:\speciality_tool\maven\m2\org\springframework\boot\spring-boot-starter-jdbc\2.5.5\spring-boot-starter-jdbc-2.5.5.jar;D:\speciality_tool\maven\m2\com\zaxxer\HikariCP\4.0.3\HikariCP-4.0.3.jar;D:\speciality_tool\maven\m2\org\springframework\spring-jdbc\5.3.10\spring-jdbc-5.3.10.jar;D:\speciality_tool\maven\m2\org\springframework\spring-beans\5.3.10\spring-beans-5.3.10.jar;D:\speciality_tool\maven\m2\org\springframework\boot\spring-boot-starter-oauth2-client\2.5.5\spring-boot-starter-oauth2-client-2.5.5.jar;D:\speciality_tool\maven\m2\com\sun\mail\jakarta.mail\1.6.7\jakarta.mail-1.6.7.jar;D:\speciality_tool\maven\m2\com\sun\activation\jakarta.activation\1.2.2\jakarta.activation-1.2.2.jar;D:\speciality_tool\maven\m2\org\springframework\security\spring-security-config\5.5.2\spring-security-config-5.5.2.jar;D:\speciality_tool\maven\m2\org\springframework\security\spring-security-core\5.5.2\spring-security-core-5.5.2.jar;D:\speciality_tool\maven\m2\org\springframework\security\spring-security-crypto\5.5.2\spring-security-crypto-5.5.2.jar;D:\speciality_tool\maven\m2\org\springframework\spring-expression\5.3.10\spring-expression-5.3.10.jar;D:\speciality_tool\maven\m2\org\springframework\security\spring-security-oauth2-client\5.5.2\spring-security-oauth2-client-5.5.2.jar;D:\speciality_tool\maven\m2\org\springframework\security\spring-security-oauth2-core\5.5.2\spring-security-oauth2-core-5.5.2.jar;D:\speciality_tool\maven\m2\com\nimbusds\oauth2-oidc-sdk\9.9.1\oauth2-oidc-sdk-9.9.1.jar;D:\speciality_tool\maven\m2\com\github\stephenc\jcip\jcip-annotations\1.0-1\jcip-annotations-1.0-1.jar;D:\speciality_tool\maven\m2\com\nimbusds\content-type\2.1\content-type-2.1.jar;D:\speciality_tool\maven\m2\com\nimbusds\lang-tag\1.5\lang-tag-1.5.jar;D:\speciality_tool\maven\m2\org\springframework\security\spring-security-oauth2-jose\5.5.2\spring-security-oauth2-jose-5.5.2.jar;D:\speciality_tool\maven\m2\com\nimbusds\nimbus-jose-jwt\9.10.1\nimbus-jose-jwt-9.10.1.jar;D:\speciality_tool\maven\m2\org\springframework\boot\spring-boot-starter-security\2.5.5\spring-boot-starter-security-2.5.5.jar;D:\speciality_tool\maven\m2\org\springframework\spring-aop\5.3.10\spring-aop-5.3.10.jar;D:\speciality_tool\maven\m2\org\springframework\security\spring-security-web\5.5.2\spring-security-web-5.5.2.jar;D:\speciality_tool\maven\m2\org\springframework\boot\spring-boot-starter-thymeleaf\2.5.5\spring-boot-starter-thymeleaf-2.5.5.jar;D:\speciality_tool\maven\m2\org\thymeleaf\thymeleaf-spring5\3.0.12.RELEASE\thymeleaf-spring5-3.0.12.RELEASE.jar;D:\speciality_tool\maven\m2\org\thymeleaf\thymeleaf\3.0.12.RELEASE\thymeleaf-3.0.12.RELEASE.jar;D:\speciality_tool\maven\m2\org\attoparser\attoparser\2.0.5.RELEASE\attoparser-2.0.5.RELEASE.jar;D:\speciality_tool\maven\m2\org\unbescape\unbescape\1.1.6.RELEASE\unbescape-1.1.6.RELEASE.jar;D:\speciality_tool\maven\m2\org\thymeleaf\extras\thymeleaf-extras-java8time\3.0.4.RELEASE\thymeleaf-extras-java8time-3.0.4.RELEASE.jar;D:\speciality_tool\maven\m2\org\springframework\boot\spring-boot-starter-web\2.5.5\spring-boot-starter-web-2.5.5.jar;D:\speciality_tool\maven\m2\org\springframework\boot\spring-boot-starter-json\2.5.5\spring-boot-starter-json-2.5.5.jar;D:\speciality_tool\maven\m2\com\fasterxml\jackson\core\jackson-databind\2.12.5\jackson-databind-2.12.5.jar;D:\speciality_tool\maven\m2\com\fasterxml\jackson\core\jackson-core\2.12.5\jackson-core-2.12.5.jar;D:\speciality_tool\maven\m2\com\fasterxml\jackson\datatype\jackson-datatype-jdk8\2.12.5\jackson-datatype-jdk8-2.12.5.jar;D:\speciality_tool\maven\m2\com\fasterxml\jackson\datatype\jackson-datatype-jsr310\2.12.5\jackson-datatype-jsr310-2.12.5.jar;D:\speciality_tool\maven\m2\com\fasterxml\jackson\module\jackson-module-parameter-names\2.12.5\jackson-module-parameter-names-2.12.5.jar;D:\speciality_tool\maven\m2\org\springframework\boot\spring-boot-starter-tomcat\2.5.5\spring-boot-starter-tomcat-2.5.5.jar;D:\speciality_tool\maven\m2\org\apache\tomcat\embed\tomcat-embed-core\9.0.53\tomcat-embed-core-9.0.53.jar;D:\speciality_tool\maven\m2\org\apache\tomcat\embed\tomcat-embed-el\9.0.53\tomcat-embed-el-9.0.53.jar;D:\speciality_tool\maven\m2\org\apache\tomcat\embed\tomcat-embed-websocket\9.0.53\tomcat-embed-websocket-9.0.53.jar;D:\speciality_tool\maven\m2\org\springframework\spring-web\5.3.10\spring-web-5.3.10.jar;D:\speciality_tool\maven\m2\org\springframework\spring-webmvc\5.3.10\spring-webmvc-5.3.10.jar;D:\speciality_tool\maven\m2\org\springframework\boot\spring-boot-starter-log4j2\2.5.5\spring-boot-starter-log4j2-2.5.5.jar;D:\speciality_tool\maven\m2\org\apache\logging\log4j\log4j-slf4j-impl\2.14.1\log4j-slf4j-impl-2.14.1.jar;D:\speciality_tool\maven\m2\org\apache\logging\log4j\log4j-api\2.14.1\log4j-api-2.14.1.jar;D:\speciality_tool\maven\m2\org\apache\logging\log4j\log4j-core\2.14.1\log4j-core-2.14.1.jar;D:\speciality_tool\maven\m2\org\apache\logging\log4j\log4j-jul\2.14.1\log4j-jul-2.14.1.jar;D:\speciality_tool\maven\m2\org\slf4j\jul-to-slf4j\1.7.32\jul-to-slf4j-1.7.32.jar;D:\speciality_tool\maven\m2\mysql\mysql-connector-java\8.0.26\mysql-connector-java-8.0.26.jar;D:\speciality_tool\maven\m2\org\springframework\session\spring-session-data-redis\2.5.2\spring-session-data-redis-2.5.2.jar;D:\speciality_tool\maven\m2\org\springframework\session\spring-session-core\2.5.2\spring-session-core-2.5.2.jar;D:\speciality_tool\maven\m2\org\springframework\spring-jcl\5.3.10\spring-jcl-5.3.10.jar;D:\speciality_tool\maven\m2\org\springframework\session\spring-session-jdbc\2.5.2\spring-session-jdbc-2.5.2.jar;D:\speciality_tool\maven\m2\org\springframework\spring-context\5.3.10\spring-context-5.3.10.jar;D:\speciality_tool\maven\m2\org\thymeleaf\extras\thymeleaf-extras-springsecurity5\3.0.4.RELEASE\thymeleaf-extras-springsecurity5-3.0.4.RELEASE.jar;D:\speciality_tool\maven\m2\org\slf4j\slf4j-api\1.7.32\slf4j-api-1.7.32.jar;D:\speciality_tool\maven\m2\org\projectlombok\lombok\1.18.20\lombok-1.18.20.jar;D:\speciality_tool\maven\m2\org\springframework\boot\spring-boot-starter-test\2.5.5\spring-boot-starter-test-2.5.5.jar;D:\speciality_tool\maven\m2\org\springframework\boot\spring-boot-test\2.5.5\spring-boot-test-2.5.5.jar;D:\speciality_tool\maven\m2\org\springframework\boot\spring-boot-test-autoconfigure\2.5.5\spring-boot-test-autoconfigure-2.5.5.jar;D:\speciality_tool\maven\m2\com\jayway\jsonpath\json-path\2.5.0\json-path-2.5.0.jar;D:\speciality_tool\maven\m2\net\minidev\json-smart\2.4.7\json-smart-2.4.7.jar;D:\speciality_tool\maven\m2\net\minidev\accessors-smart\2.4.7\accessors-smart-2.4.7.jar;D:\speciality_tool\maven\m2\org\ow2\asm\asm\9.1\asm-9.1.jar;D:\speciality_tool\maven\m2\jakarta\xml\bind\jakarta.xml.bind-api\2.3.3\jakarta.xml.bind-api-2.3.3.jar;D:\speciality_tool\maven\m2\jakarta\activation\jakarta.activation-api\1.2.2\jakarta.activation-api-1.2.2.jar;D:\speciality_tool\maven\m2\org\assertj\assertj-core\3.19.0\assertj-core-3.19.0.jar;D:\speciality_tool\maven\m2\org\hamcrest\hamcrest\2.2\hamcrest-2.2.jar;D:\speciality_tool\maven\m2\org\junit\jupiter\junit-jupiter\5.7.2\junit-jupiter-5.7.2.jar;D:\speciality_tool\maven\m2\org\junit\jupiter\junit-jupiter-api\5.7.2\junit-jupiter-api-5.7.2.jar;D:\speciality_tool\maven\m2\org\apiguardian\apiguardian-api\1.1.0\apiguardian-api-1.1.0.jar;D:\speciality_tool\maven\m2\org\opentest4j\opentest4j\1.2.0\opentest4j-1.2.0.jar;D:\speciality_tool\maven\m2\org\junit\platform\junit-platform-commons\1.7.2\junit-platform-commons-1.7.2.jar;D:\speciality_tool\maven\m2\org\junit\jupiter\junit-jupiter-params\5.7.2\junit-jupiter-params-5.7.2.jar;D:\speciality_tool\maven\m2\org\junit\jupiter\junit-jupiter-engine\5.7.2\junit-jupiter-engine-5.7.2.jar;D:\speciality_tool\maven\m2\org\junit\platform\junit-platform-engine\1.7.2\junit-platform-engine-1.7.2.jar;D:\speciality_tool\maven\m2\org\mockito\mockito-core\3.9.0\mockito-core-3.9.0.jar;D:\speciality_tool\maven\m2\net\bytebuddy\byte-buddy\1.10.22\byte-buddy-1.10.22.jar;D:\speciality_tool\maven\m2\net\bytebuddy\byte-buddy-agent\1.10.22\byte-buddy-agent-1.10.22.jar;D:\speciality_tool\maven\m2\org\objenesis\objenesis\3.2\objenesis-3.2.jar;D:\speciality_tool\maven\m2\org\mockito\mockito-junit-jupiter\3.9.0\mockito-junit-jupiter-3.9.0.jar;D:\speciality_tool\maven\m2\org\skyscreamer\jsonassert\1.5.0\jsonassert-1.5.0.jar;D:\speciality_tool\maven\m2\com\vaadin\external\google\android-json\0.0.20131108.vaadin1\android-json-0.0.20131108.vaadin1.jar;D:\speciality_tool\maven\m2\org\springframework\spring-core\5.3.10\spring-core-5.3.10.jar;D:\speciality_tool\maven\m2\org\springframework\spring-test\5.3.10\spring-test-5.3.10.jar;D:\speciality_tool\maven\m2\org\xmlunit\xmlunit-core\2.8.2\xmlunit-core-2.8.2.jar;D:\speciality_tool\maven\m2\org\springframework\security\spring-security-test\5.5.2\spring-security-test-5.5.2.jar;D:\speciality_tool\maven\m2\com\baomidou\mybatis-plus-boot-starter\3.3.0\mybatis-plus-boot-starter-3.3.0.jar;D:\speciality_tool\maven\m2\com\baomidou\mybatis-plus\3.3.0\mybatis-plus-3.3.0.jar;D:\speciality_tool\maven\m2\org\springframework\boot\spring-boot-autoconfigure\2.5.5\spring-boot-autoconfigure-2.5.5.jar;D:\speciality_tool\maven\m2\com\baomidou\mybatis-plus-extension\3.3.0\mybatis-plus-extension-3.3.0.jar;D:\speciality_tool\maven\m2\com\baomidou\mybatis-plus-core\3.3.0\mybatis-plus-core-3.3.0.jar;D:\speciality_tool\maven\m2\com\baomidou\mybatis-plus-annotation\3.3.0\mybatis-plus-annotation-3.3.0.jar;D:\speciality_tool\maven\m2\com\github\jsqlparser\jsqlparser\3.1\jsqlparser-3.1.jar;D:\speciality_tool\maven\m2\org\mybatis\mybatis\3.5.3\mybatis-3.5.3.jar;D:\speciality_tool\maven\m2\org\mybatis\mybatis-spring\2.0.3\mybatis-spring-2.0.3.jar;D:\speciality_tool\maven\m2\com\github\pagehelper\pagehelper-spring-boot-starter\1.2.12\pagehelper-spring-boot-starter-1.2.12.jar;D:\speciality_tool\maven\m2\org\mybatis\spring\boot\mybatis-spring-boot-starter\2.0.1\mybatis-spring-boot-starter-2.0.1.jar;D:\speciality_tool\maven\m2\org\mybatis\spring\boot\mybatis-spring-boot-autoconfigure\2.0.1\mybatis-spring-boot-autoconfigure-2.0.1.jar;D:\speciality_tool\maven\m2\com\github\pagehelper\pagehelper-spring-boot-autoconfigure\1.2.12\pagehelper-spring-boot-autoconfigure-1.2.12.jar;D:\speciality_tool\maven\m2\com\github\pagehelper\pagehelper\5.1.10\pagehelper-5.1.10.jar;D:\speciality_tool\maven\m2\com\alibaba\fastjson\1.2.62\fastjson-1.2.62.jar;D:\speciality_tool\maven\m2\io\springfox\springfox-swagger2\2.9.2\springfox-swagger2-2.9.2.jar;D:\speciality_tool\maven\m2\io\swagger\swagger-annotations\1.5.20\swagger-annotations-1.5.20.jar;D:\speciality_tool\maven\m2\io\swagger\swagger-models\1.5.20\swagger-models-1.5.20.jar;D:\speciality_tool\maven\m2\com\fasterxml\jackson\core\jackson-annotations\2.12.5\jackson-annotations-2.12.5.jar;D:\speciality_tool\maven\m2\io\springfox\springfox-spi\2.9.2\springfox-spi-2.9.2.jar;D:\speciality_tool\maven\m2\io\springfox\springfox-core\2.9.2\springfox-core-2.9.2.jar;D:\speciality_tool\maven\m2\io\springfox\springfox-schema\2.9.2\springfox-schema-2.9.2.jar;D:\speciality_tool\maven\m2\io\springfox\springfox-swagger-common\2.9.2\springfox-swagger-common-2.9.2.jar;D:\speciality_tool\maven\m2\io\springfox\springfox-spring-web\2.9.2\springfox-spring-web-2.9.2.jar;D:\speciality_tool\maven\m2\com\google\guava\guava\20.0\guava-20.0.jar;D:\speciality_tool\maven\m2\com\fasterxml\classmate\1.5.1\classmate-1.5.1.jar;D:\speciality_tool\maven\m2\org\springframework\plugin\spring-plugin-core\1.2.0.RELEASE\spring-plugin-core-1.2.0.RELEASE.jar;D:\speciality_tool\maven\m2\org\springframework\plugin\spring-plugin-metadata\1.2.0.RELEASE\spring-plugin-metadata-1.2.0.RELEASE.jar;D:\speciality_tool\maven\m2\org\mapstruct\mapstruct\1.2.0.Final\mapstruct-1.2.0.Final.jar;D:\speciality_tool\maven\m2\io\springfox\springfox-swagger-ui\2.9.2\springfox-swagger-ui-2.9.2.jar;D:\speciality_tool\maven\m2\javax\validation\validation-api\2.0.1.Final\validation-api-2.0.1.Final.jar;"/>
    <property name="sun.cpu.endian" value="little"/>
    <property name="user.home" value="C:\Users\Administrator"/>
    <property name="user.language" value="zh"/>
    <property name="java.specification.vendor" value="Oracle Corporation"/>
    <property name="java.home" value="D:\java\jdk8\jdk\jre"/>
    <property name="basedir" value="D:\work\demo\bookShop"/>
    <property name="file.separator" value="\"/>
    <property name="line.separator" value="&#10;"/>
    <property name="java.vm.specification.vendor" value="Oracle Corporation"/>
    <property name="java.specification.name" value="Java Platform API Specification"/>
    <property name="java.awt.graphicsenv" value="sun.awt.Win32GraphicsEnvironment"/>
    <property name="surefire.real.class.path" value="C:\Users\ADMINI~1\AppData\Local\Temp\surefire8436579027720375980\surefirebooter5418485461295873181.jar"/>
    <property name="sun.boot.class.path" value="D:\java\jdk8\jdk\jre\lib\resources.jar;D:\java\jdk8\jdk\jre\lib\rt.jar;D:\java\jdk8\jdk\jre\lib\sunrsasign.jar;D:\java\jdk8\jdk\jre\lib\jsse.jar;D:\java\jdk8\jdk\jre\lib\jce.jar;D:\java\jdk8\jdk\jre\lib\charsets.jar;D:\java\jdk8\jdk\jre\lib\jfr.jar;D:\java\jdk8\jdk\jre\classes"/>
    <property name="user.script" value=""/>
    <property name="sun.management.compiler" value="HotSpot 64-Bit Tiered Compilers"/>
    <property name="java.runtime.version" value="1.8.0_152-b16"/>
    <property name="user.name" value="Administrator"/>
    <property name="path.separator" value=";"/>
    <property name="os.version" value="10.0"/>
    <property name="java.endorsed.dirs" value="D:\java\jdk8\jdk\jre\lib\endorsed"/>
    <property name="java.runtime.name" value="Java(TM) SE Runtime Environment"/>
    <property name="file.encoding" value="GBK"/>
    <property name="java.vm.name" value="Java HotSpot(TM) 64-Bit Server VM"/>
    <property name="localRepository" value="D:\speciality_tool\maven\m2"/>
    <property name="java.vendor.url.bug" value="http://bugreport.sun.com/bugreport/"/>
    <property name="java.io.tmpdir" value="C:\Users\ADMINI~1\AppData\Local\Temp\"/>
    <property name="idea.version" value="2021.1.3"/>
    <property name="java.version" value="1.8.0_152"/>
    <property name="user.dir" value="D:\work\demo\bookShop"/>
    <property name="os.arch" value="amd64"/>
    <property name="java.vm.specification.name" value="Java Virtual Machine Specification"/>
    <property name="java.awt.printerjob" value="sun.awt.windows.WPrinterJob"/>
    <property name="sun.os.patch.level" value=""/>
    <property name="java.library.path" value="D:\java\jdk8\jdk\jre\bin;C:\WINDOWS\Sun\Java\bin;C:\WINDOWS\system32;C:\WINDOWS;D:\java\jdk8\jdk\bin;D:\common_tool\tomcat\bin;D:\common_tool\git\bin;D:\speciality_tool\gradle-6.1.1\bin;C:\windows\system32;D:\common_tool\svn\bin;D:\common_tool\rabbitmq\erl-23.0\bin;D:\common_tool\nodeJs\;C:\WINDOWS\system32;C:\WINDOWS;C:\WINDOWS\System32\Wbem;C:\WINDOWS\System32\WindowsPowerShell\v1.0\;C:\WINDOWS\System32\OpenSSH\;D:\speciality_tool\maven\apache-maven-3.6.1-bin\apache-maven-3.6.1\bin;D:\common_tool\Xshell-7\;C:\Program Files\Git\cmd;D:\speciality_tool\maven\m2;D:\speciality_tool\Python;D:\speciality_tool\Python\Scripts;%MYSQL_HOME%\bin;C:\Users\Administrator\AppData\Local\Microsoft\WindowsApps;;D:\idea2021\IntelliJ IDEA 2021.1.3\bin;;C:\Users\Administrator\AppData\Roaming\npm;D:\speciality_tool\pycharm\PyCharm2020.1\PyCharm2020.1\PyCharm 2020.1\bin;;C:\Users\Administrator\AppData\Local\Programs\Microsoft VS Code\bin;."/>
    <property name="java.vm.info" value="mixed mode"/>
    <property name="java.vendor" value="Oracle Corporation"/>
    <property name="java.vm.version" value="25.152-b16"/>
    <property name="java.ext.dirs" value="D:\java\jdk8\jdk\jre\lib\ext;C:\WINDOWS\Sun\Java\lib\ext"/>
    <property name="sun.io.unicode.encoding" value="UnicodeLittle"/>
    <property name="maven.repo.local" value="D:\speciality_tool\maven\m2"/>
    <property name="java.class.version" value="52.0"/>
  </properties>
  <testcase name="contextLoads" classname="com.example.bookshop.BookShopApplicationTests" time="0.25"/>
</testsuite>